<?xml version="1.0" encoding="UTF-8"?>
<TestRun id="4c281cf1-ee3a-4392-94d3-ff1e73dc788c" name="RAZOR@RAZOR 2015-09-07 17:16:56" runUser="RAZOR\RAZOR" xmlns="http://microsoft.com/schemas/VisualStudio/TeamTest/2010">
  <TestSettings name="Default Test Settings" id="2c38fcf2-a7a4-4f76-bcb8-34afb425e290">
    <Deployment runDeploymentRoot="RAZOR_RAZOR 2015-09-07 17_16_56">
      <DeploymentItem filename="C:\Users\RAZOR\Desktop\dowloadedUkrReg\packages\Microsoft.AspNet.Razor.2.0.20710.0\lib\net40\System.Web.Razor.dll" />
      <DeploymentItem filename="C:\Users\RAZOR\Desktop\dowloadedUkrReg\packages\Microsoft.AspNet.WebPages.2.0.20710.0\lib\net40\System.Web.WebPages.dll" />
      <DeploymentItem filename="C:\Users\RAZOR\Desktop\dowloadedUkrReg\UkraineRegions\bin\UkraineRegions.dll" />
      <DeploymentItem filename="C:\Users\RAZOR\Desktop\dowloadedUkrReg\packages\Microsoft.Net.Http.2.0.20710.0\lib\net40\System.Net.Http.dll" />
      <DeploymentItem filename="C:\Users\RAZOR\Desktop\dowloadedUkrReg\packages\Microsoft.AspNet.WebPages.2.0.20710.0\lib\net40\System.Web.Helpers.dll" />
      <DeploymentItem filename="D:\Projects\Training\Trn89\mvc4\packages\Moq.4.2.1507.0118\lib\net40\Moq.dll" />
      <DeploymentItem filename="C:\Users\RAZOR\Desktop\dowloadedUkrReg\packages\Microsoft.AspNet.WebPages.2.0.20710.0\lib\net40\System.Web.WebPages.Deployment.dll" />
      <DeploymentItem filename="C:\Users\RAZOR\Desktop\dowloadedUkrReg\packages\Microsoft.AspNet.WebPages.2.0.20710.0\lib\net40\System.Web.WebPages.Razor.dll" />
      <DeploymentItem filename="C:\Users\RAZOR\Desktop\dowloadedUkrReg\packages\Newtonsoft.Json.4.5.6\lib\net40\Newtonsoft.Json.dll" />
      <DeploymentItem filename="C:\Users\RAZOR\Desktop\dowloadedUkrReg\packages\Microsoft.AspNet.Mvc.4.0.20710.0\lib\net40\System.Web.Mvc.dll" />
      <DeploymentItem filename="C:\Users\RAZOR\Desktop\dowloadedUkrReg\LINQtoCSV\bin\Debug\LINQtoCSV.dll" />
      <DeploymentItem filename="C:\Users\RAZOR\Desktop\dowloadedUkrReg\packages\Microsoft.Net.Http.2.0.20710.0\lib\net40\System.Net.Http.WebRequest.dll" />
      <DeploymentItem filename="C:\Users\RAZOR\Desktop\dowloadedUkrReg\packages\Microsoft.Web.Infrastructure.1.0.0.0\lib\net40\Microsoft.Web.Infrastructure.dll" />
    </Deployment>
    <Execution>
      <TestTypeSpecific />
      <AgentRule name="Execution Agents">
      </AgentRule>
    </Execution>
  </TestSettings>
  <Times creation="2015-09-07T17:16:56.0689546+03:00" queuing="2015-09-07T17:16:57.0310097+03:00" start="2015-09-07T17:16:57.1750179+03:00" finish="2015-09-07T17:18:23.3139448+03:00" />
  <ResultSummary outcome="Error">
    <Counters total="1" executed="1" error="0" failed="0" timeout="0" aborted="1" inconclusive="0" passedButRunAborted="0" notRunnable="0" notExecuted="0" disconnected="0" warning="0" passed="0" completed="0" inProgress="0" pending="0" />
    <RunInfos>
      <RunInfo computerName="RAZOR" outcome="Error" timestamp="2015-09-07T17:18:23.3129447+03:00">
        <Text>Test host process exited unexpectedly.</Text>
      </RunInfo>
    </RunInfos>
  </ResultSummary>
  <TestDefinitions>
    <UnitTest name="RetriveRegionsDataTest" storage="c:\users\razor\desktop\dowloadedukrreg\ukraineregions.tests\bin\debug\ukraineregions.tests.dll" id="a70a722d-8c4b-cedc-d615-f7059f9e9606">
      <Execution id="f0532aff-b04f-4073-a000-d9406bf4b70f" />
      <TestMethod codeBase="C:/Users/RAZOR/Desktop/dowloadedUkrReg/UkraineRegions.Tests/bin/Debug/UkraineRegions.Tests.DLL" adapterTypeName="Microsoft.VisualStudio.TestTools.TestTypes.Unit.UnitTestAdapter, Microsoft.VisualStudio.QualityTools.Tips.UnitTest.Adapter, Version=10.0.0.0, Culture=neutral, PublicKeyToken=b03f5f7f11d50a3a" className="UkraineRegions.Tests.HomeControllerTest, UkraineRegions.Tests, Version=1.0.0.0, Culture=neutral, PublicKeyToken=null" name="RetriveRegionsDataTest" />
    </UnitTest>
  </TestDefinitions>
  <TestLists>
    <TestList name="Results Not in a List" id="8c84fa94-04c1-424b-9868-57a2d4851a1d" />
    <TestList name="All Loaded Results" id="19431567-8539-422a-85d7-44ee4e166bda" />
  </TestLists>
  <TestEntries>
    <TestEntry testId="a70a722d-8c4b-cedc-d615-f7059f9e9606" executionId="f0532aff-b04f-4073-a000-d9406bf4b70f" testListId="8c84fa94-04c1-424b-9868-57a2d4851a1d" />
  </TestEntries>
  <Results>
    <UnitTestResult executionId="f0532aff-b04f-4073-a000-d9406bf4b70f" testId="a70a722d-8c4b-cedc-d615-f7059f9e9606" testName="RetriveRegionsDataTest" computerName="RAZOR" duration="00:01:26.0099195" startTime="2015-09-07T17:16:57.3040253+03:00" endTime="2015-09-07T17:18:23.3139448+03:00" testType="13cdc9d9-ddb5-4fa4-a97d-d965ccfc6d4b" outcome="Aborted" testListId="8c84fa94-04c1-424b-9868-57a2d4851a1d" relativeResultsDirectory="f0532aff-b04f-4073-a000-d9406bf4b70f">
    </UnitTestResult>
  </Results>
</TestRun>