<?xml version="1.0" encoding="UTF-8"?>
<TestRun id="f63efe91-937e-409c-b963-cc047174b4f8" name="RAZOR@RAZOR 2015-09-06 09:04:02" runUser="RAZOR\RAZOR" xmlns="http://microsoft.com/schemas/VisualStudio/TeamTest/2010">
  <TestSettings name="Default Test Settings" id="21949dee-a7d5-49e6-be32-0b5e4bb44ffe">
    <Deployment runDeploymentRoot="RAZOR_RAZOR 2015-09-06 09_04_02">
      <DeploymentItem filename="C:\Users\RAZOR\Desktop\dowloadedUkrReg\packages\Microsoft.AspNet.Razor.2.0.20710.0\lib\net40\System.Web.Razor.dll" />
      <DeploymentItem filename="C:\Users\RAZOR\Desktop\dowloadedUkrReg\packages\Microsoft.AspNet.WebPages.2.0.20710.0\lib\net40\System.Web.WebPages.dll" />
      <DeploymentItem filename="C:\Users\RAZOR\Desktop\dowloadedUkrReg\UkraineRegions\bin\UkraineRegions.dll" />
      <DeploymentItem filename="C:\Users\RAZOR\Desktop\dowloadedUkrReg\packages\Microsoft.Net.Http.2.0.20710.0\lib\net40\System.Net.Http.dll" />
      <DeploymentItem filename="C:\Users\RAZOR\Desktop\dowloadedUkrReg\packages\Microsoft.AspNet.WebPages.2.0.20710.0\lib\net40\System.Web.Helpers.dll" />
      <DeploymentItem filename="D:\Projects\Training\Trn89\mvc4\packages\Moq.4.2.1507.0118\lib\net40\Moq.dll" />
      <DeploymentItem filename="C:\Users\RAZOR\Desktop\dowloadedUkrReg\packages\Microsoft.AspNet.WebPages.2.0.20710.0\lib\net40\System.Web.WebPages.Deployment.dll" />
      <DeploymentItem filename="C:\Users\RAZOR\Desktop\dowloadedUkrReg\packages\Microsoft.AspNet.WebPages.2.0.20710.0\lib\net40\System.Web.WebPages.Razor.dll" />
      <DeploymentItem filename="C:\Users\RAZOR\Desktop\dowloadedUkrReg\packages\Newtonsoft.Json.4.5.6\lib\net40\Newtonsoft.Json.dll" />
      <DeploymentItem filename="C:\Users\RAZOR\Desktop\dowloadedUkrReg\packages\Microsoft.AspNet.Mvc.4.0.20710.0\lib\net40\System.Web.Mvc.dll" />
      <DeploymentItem filename="C:\Users\RAZOR\Desktop\dowloadedUkrReg\LINQtoCSV\bin\Debug\LINQtoCSV.dll" />
      <DeploymentItem filename="C:\Users\RAZOR\Desktop\dowloadedUkrReg\packages\Microsoft.Net.Http.2.0.20710.0\lib\net40\System.Net.Http.WebRequest.dll" />
      <DeploymentItem filename="C:\Users\RAZOR\Desktop\dowloadedUkrReg\packages\Microsoft.Web.Infrastructure.1.0.0.0\lib\net40\Microsoft.Web.Infrastructure.dll" />
    </Deployment>
    <Execution>
      <TestTypeSpecific />
      <AgentRule name="Execution Agents">
      </AgentRule>
    </Execution>
  </TestSettings>
  <Times creation="2015-09-06T09:04:02.9700279+03:00" queuing="2015-09-06T09:04:03.7270712+03:00" start="2015-09-06T09:04:03.8240767+03:00" finish="2015-09-06T09:05:41.8916859+03:00" />
  <ResultSummary outcome="Error">
    <Counters total="1" executed="1" error="0" failed="0" timeout="0" aborted="1" inconclusive="0" passedButRunAborted="0" notRunnable="0" notExecuted="0" disconnected="0" warning="0" passed="0" completed="0" inProgress="0" pending="0" />
    <RunInfos>
      <RunInfo computerName="RAZOR" outcome="Error" timestamp="2015-09-06T09:05:41.8906858+03:00">
        <Text>Test host process exited unexpectedly.</Text>
      </RunInfo>
    </RunInfos>
  </ResultSummary>
  <TestDefinitions>
    <UnitTest name="RetriveRegionsDataTest" storage="c:\users\razor\desktop\dowloadedukrreg\ukraineregions.tests\bin\debug\ukraineregions.tests.dll" id="a70a722d-8c4b-cedc-d615-f7059f9e9606">
      <Execution id="86409f88-8314-4953-9a1b-95ed682accfb" />
      <TestMethod codeBase="C:/Users/RAZOR/Desktop/dowloadedUkrReg/UkraineRegions.Tests/bin/Debug/UkraineRegions.Tests.DLL" adapterTypeName="Microsoft.VisualStudio.TestTools.TestTypes.Unit.UnitTestAdapter, Microsoft.VisualStudio.QualityTools.Tips.UnitTest.Adapter, Version=10.0.0.0, Culture=neutral, PublicKeyToken=b03f5f7f11d50a3a" className="UkraineRegions.Tests.HomeControllerTest, UkraineRegions.Tests, Version=1.0.0.0, Culture=neutral, PublicKeyToken=null" name="RetriveRegionsDataTest" />
    </UnitTest>
  </TestDefinitions>
  <TestLists>
    <TestList name="Results Not in a List" id="8c84fa94-04c1-424b-9868-57a2d4851a1d" />
    <TestList name="All Loaded Results" id="19431567-8539-422a-85d7-44ee4e166bda" />
  </TestLists>
  <TestEntries>
    <TestEntry testId="a70a722d-8c4b-cedc-d615-f7059f9e9606" executionId="86409f88-8314-4953-9a1b-95ed682accfb" testListId="8c84fa94-04c1-424b-9868-57a2d4851a1d" />
  </TestEntries>
  <Results>
    <UnitTestResult executionId="86409f88-8314-4953-9a1b-95ed682accfb" testId="a70a722d-8c4b-cedc-d615-f7059f9e9606" testName="RetriveRegionsDataTest" computerName="RAZOR" duration="00:01:37.9746039" startTime="2015-09-06T09:04:03.9170820+03:00" endTime="2015-09-06T09:05:41.8916859+03:00" testType="13cdc9d9-ddb5-4fa4-a97d-d965ccfc6d4b" outcome="Aborted" testListId="8c84fa94-04c1-424b-9868-57a2d4851a1d" relativeResultsDirectory="86409f88-8314-4953-9a1b-95ed682accfb">
    </UnitTestResult>
  </Results>
</TestRun>