<?xml version="1.0" encoding="UTF-8"?>
<TestRun id="f9d5273e-0c57-48cb-8100-7f9f1dc20de2" name="RAZOR@RAZOR 2015-09-07 17:29:33" runUser="RAZOR\RAZOR" xmlns="http://microsoft.com/schemas/VisualStudio/TeamTest/2010">
  <TestSettings name="Default Test Settings" id="2cc98f22-f473-47e1-99d4-49b88fed6f6d">
    <Deployment runDeploymentRoot="RAZOR_RAZOR 2015-09-07 17_29_33">
      <DeploymentItem filename="C:\Users\RAZOR\Desktop\dowloadedUkrReg\packages\Microsoft.AspNet.Razor.2.0.20710.0\lib\net40\System.Web.Razor.dll" />
      <DeploymentItem filename="C:\Users\RAZOR\Desktop\dowloadedUkrReg\packages\Microsoft.AspNet.WebPages.2.0.20710.0\lib\net40\System.Web.WebPages.dll" />
      <DeploymentItem filename="C:\Users\RAZOR\Desktop\dowloadedUkrReg\UkraineRegions\bin\UkraineRegions.dll" />
      <DeploymentItem filename="C:\Users\RAZOR\Desktop\dowloadedUkrReg\packages\Microsoft.Net.Http.2.0.20710.0\lib\net40\System.Net.Http.dll" />
      <DeploymentItem filename="C:\Users\RAZOR\Desktop\dowloadedUkrReg\packages\Microsoft.AspNet.WebPages.2.0.20710.0\lib\net40\System.Web.Helpers.dll" />
      <DeploymentItem filename="D:\Projects\Training\Trn89\mvc4\packages\Moq.4.2.1507.0118\lib\net40\Moq.dll" />
      <DeploymentItem filename="C:\Users\RAZOR\Desktop\dowloadedUkrReg\packages\Microsoft.AspNet.WebPages.2.0.20710.0\lib\net40\System.Web.WebPages.Deployment.dll" />
      <DeploymentItem filename="C:\Users\RAZOR\Desktop\dowloadedUkrReg\packages\Microsoft.AspNet.WebPages.2.0.20710.0\lib\net40\System.Web.WebPages.Razor.dll" />
      <DeploymentItem filename="C:\Users\RAZOR\Desktop\dowloadedUkrReg\packages\Newtonsoft.Json.4.5.6\lib\net40\Newtonsoft.Json.dll" />
      <DeploymentItem filename="C:\Users\RAZOR\Desktop\dowloadedUkrReg\packages\Microsoft.AspNet.Mvc.4.0.20710.0\lib\net40\System.Web.Mvc.dll" />
      <DeploymentItem filename="C:\Users\RAZOR\Desktop\dowloadedUkrReg\LINQtoCSV\bin\Debug\LINQtoCSV.dll" />
      <DeploymentItem filename="C:\Users\RAZOR\Desktop\dowloadedUkrReg\packages\Microsoft.Net.Http.2.0.20710.0\lib\net40\System.Net.Http.WebRequest.dll" />
      <DeploymentItem filename="C:\Users\RAZOR\Desktop\dowloadedUkrReg\packages\Microsoft.Web.Infrastructure.1.0.0.0\lib\net40\Microsoft.Web.Infrastructure.dll" />
    </Deployment>
    <Execution>
      <TestTypeSpecific />
      <AgentRule name="Execution Agents">
      </AgentRule>
    </Execution>
  </TestSettings>
  <Times creation="2015-09-07T17:29:33.5762816+03:00" queuing="2015-09-07T17:29:34.4643324+03:00" start="2015-09-07T17:29:34.5883395+03:00" finish="2015-09-07T17:30:42.1722050+03:00" />
  <ResultSummary outcome="Error">
    <Counters total="2" executed="2" passed="1" error="0" failed="0" timeout="0" aborted="1" inconclusive="0" passedButRunAborted="0" notRunnable="0" notExecuted="0" disconnected="0" warning="0" completed="0" inProgress="0" pending="0" />
    <RunInfos>
      <RunInfo computerName="RAZOR" outcome="Error" timestamp="2015-09-07T17:30:42.1712050+03:00">
        <Text>Test host process exited unexpectedly.</Text>
      </RunInfo>
    </RunInfos>
  </ResultSummary>
  <TestDefinitions>
    <UnitTest name="PathHelperTest" storage="c:\users\razor\desktop\dowloadedukrreg\ukraineregions.tests\bin\debug\ukraineregions.tests.dll" id="e1024174-8257-f691-a675-7e5ba9adea38">
      <Execution id="83030df3-3061-42e0-9a8c-9b51fa761dda" />
      <TestMethod codeBase="C:/Users/RAZOR/Desktop/dowloadedUkrReg/UkraineRegions.Tests/bin/Debug/UkraineRegions.Tests.DLL" adapterTypeName="Microsoft.VisualStudio.TestTools.TestTypes.Unit.UnitTestAdapter, Microsoft.VisualStudio.QualityTools.Tips.UnitTest.Adapter, Version=10.0.0.0, Culture=neutral, PublicKeyToken=b03f5f7f11d50a3a" className="UkraineRegions.Tests.HomeControllerTest, UkraineRegions.Tests, Version=1.0.0.0, Culture=neutral, PublicKeyToken=null" name="PathHelperTest" />
    </UnitTest>
    <UnitTest name="RetriveRegionsDataTest" storage="c:\users\razor\desktop\dowloadedukrreg\ukraineregions.tests\bin\debug\ukraineregions.tests.dll" id="a70a722d-8c4b-cedc-d615-f7059f9e9606">
      <Execution id="9354c85b-2c1d-44ba-bf26-38c002cc7758" />
      <TestMethod codeBase="C:/Users/RAZOR/Desktop/dowloadedUkrReg/UkraineRegions.Tests/bin/Debug/UkraineRegions.Tests.DLL" adapterTypeName="Microsoft.VisualStudio.TestTools.TestTypes.Unit.UnitTestAdapter, Microsoft.VisualStudio.QualityTools.Tips.UnitTest.Adapter, Version=10.0.0.0, Culture=neutral, PublicKeyToken=b03f5f7f11d50a3a" className="UkraineRegions.Tests.HomeControllerTest, UkraineRegions.Tests, Version=1.0.0.0, Culture=neutral, PublicKeyToken=null" name="RetriveRegionsDataTest" />
    </UnitTest>
  </TestDefinitions>
  <TestLists>
    <TestList name="Results Not in a List" id="8c84fa94-04c1-424b-9868-57a2d4851a1d" />
    <TestList name="All Loaded Results" id="19431567-8539-422a-85d7-44ee4e166bda" />
  </TestLists>
  <TestEntries>
    <TestEntry testId="a70a722d-8c4b-cedc-d615-f7059f9e9606" executionId="9354c85b-2c1d-44ba-bf26-38c002cc7758" testListId="8c84fa94-04c1-424b-9868-57a2d4851a1d" />
    <TestEntry testId="e1024174-8257-f691-a675-7e5ba9adea38" executionId="83030df3-3061-42e0-9a8c-9b51fa761dda" testListId="8c84fa94-04c1-424b-9868-57a2d4851a1d" />
  </TestEntries>
  <Results>
    <UnitTestResult executionId="9354c85b-2c1d-44ba-bf26-38c002cc7758" testId="a70a722d-8c4b-cedc-d615-f7059f9e9606" testName="RetriveRegionsDataTest" computerName="RAZOR" duration="00:00:27.2648916" startTime="2015-09-07T17:29:34.6983457+03:00" endTime="2015-09-07T17:30:02.9999645+03:00" testType="13cdc9d9-ddb5-4fa4-a97d-d965ccfc6d4b" outcome="Passed" testListId="8c84fa94-04c1-424b-9868-57a2d4851a1d" relativeResultsDirectory="9354c85b-2c1d-44ba-bf26-38c002cc7758">
    </UnitTestResult>
    <UnitTestResult executionId="83030df3-3061-42e0-9a8c-9b51fa761dda" testId="e1024174-8257-f691-a675-7e5ba9adea38" testName="PathHelperTest" computerName="RAZOR" duration="00:00:39.1602398" startTime="2015-09-07T17:30:03.0119652+03:00" endTime="2015-09-07T17:30:42.1722050+03:00" testType="13cdc9d9-ddb5-4fa4-a97d-d965ccfc6d4b" outcome="Aborted" testListId="8c84fa94-04c1-424b-9868-57a2d4851a1d" relativeResultsDirectory="83030df3-3061-42e0-9a8c-9b51fa761dda">
    </UnitTestResult>
  </Results>
</TestRun>