<?xml version="1.0" encoding="UTF-8"?>
<TestRun id="ba2284ec-cefe-44df-b7f8-ba22a80da416" name="RAZOR@RAZOR 2015-09-07 16:59:27" runUser="RAZOR\RAZOR" xmlns="http://microsoft.com/schemas/VisualStudio/TeamTest/2010">
  <TestSettings name="Default Test Settings" id="8f110cc8-9ced-4bb7-99bc-27a02624ac73">
    <Deployment runDeploymentRoot="RAZOR_RAZOR 2015-09-07 16_59_27">
      <DeploymentItem filename="C:\Users\RAZOR\Desktop\dowloadedUkrReg\packages\Microsoft.AspNet.Razor.2.0.20710.0\lib\net40\System.Web.Razor.dll" />
      <DeploymentItem filename="C:\Users\RAZOR\Desktop\dowloadedUkrReg\packages\Microsoft.AspNet.WebPages.2.0.20710.0\lib\net40\System.Web.WebPages.dll" />
      <DeploymentItem filename="C:\Users\RAZOR\Desktop\dowloadedUkrReg\UkraineRegions\bin\UkraineRegions.dll" />
      <DeploymentItem filename="C:\Users\RAZOR\Desktop\dowloadedUkrReg\packages\Microsoft.Net.Http.2.0.20710.0\lib\net40\System.Net.Http.dll" />
      <DeploymentItem filename="C:\Users\RAZOR\Desktop\dowloadedUkrReg\packages\Microsoft.AspNet.WebPages.2.0.20710.0\lib\net40\System.Web.Helpers.dll" />
      <DeploymentItem filename="D:\Projects\Training\Trn89\mvc4\packages\Moq.4.2.1507.0118\lib\net40\Moq.dll" />
      <DeploymentItem filename="C:\Users\RAZOR\Desktop\dowloadedUkrReg\packages\Microsoft.AspNet.WebPages.2.0.20710.0\lib\net40\System.Web.WebPages.Deployment.dll" />
      <DeploymentItem filename="C:\Users\RAZOR\Desktop\dowloadedUkrReg\packages\Microsoft.AspNet.WebPages.2.0.20710.0\lib\net40\System.Web.WebPages.Razor.dll" />
      <DeploymentItem filename="C:\Users\RAZOR\Desktop\dowloadedUkrReg\packages\Newtonsoft.Json.4.5.6\lib\net40\Newtonsoft.Json.dll" />
      <DeploymentItem filename="C:\Users\RAZOR\Desktop\dowloadedUkrReg\packages\Microsoft.AspNet.Mvc.4.0.20710.0\lib\net40\System.Web.Mvc.dll" />
      <DeploymentItem filename="C:\Users\RAZOR\Desktop\dowloadedUkrReg\LINQtoCSV\bin\Debug\LINQtoCSV.dll" />
      <DeploymentItem filename="C:\Users\RAZOR\Desktop\dowloadedUkrReg\packages\Microsoft.Net.Http.2.0.20710.0\lib\net40\System.Net.Http.WebRequest.dll" />
      <DeploymentItem filename="C:\Users\RAZOR\Desktop\dowloadedUkrReg\packages\Microsoft.Web.Infrastructure.1.0.0.0\lib\net40\Microsoft.Web.Infrastructure.dll" />
    </Deployment>
    <Execution>
      <TestTypeSpecific />
      <AgentRule name="Execution Agents">
      </AgentRule>
    </Execution>
  </TestSettings>
  <Times creation="2015-09-07T16:59:27.5509828+03:00" queuing="2015-09-07T16:59:31.4032032+03:00" start="2015-09-07T16:59:31.5992144+03:00" finish="2015-09-07T17:00:48.4906123+03:00" />
  <ResultSummary outcome="Error">
    <Counters total="2" executed="1" error="0" failed="0" timeout="0" aborted="1" inconclusive="0" passedButRunAborted="0" notRunnable="0" notExecuted="1" disconnected="0" warning="0" passed="0" completed="0" inProgress="0" pending="0" />
    <RunInfos>
      <RunInfo computerName="RAZOR" outcome="Error" timestamp="2015-09-07T17:00:48.4896123+03:00">
        <Text>Test host process exited unexpectedly.</Text>
      </RunInfo>
    </RunInfos>
  </ResultSummary>
  <TestDefinitions>
    <UnitTest name="PathHelperTest" storage="c:\users\razor\desktop\dowloadedukrreg\ukraineregions.tests\bin\debug\ukraineregions.tests.dll" id="e1024174-8257-f691-a675-7e5ba9adea38">
      <Execution id="ef617479-a138-4f22-ac78-b66148332c19" />
      <TestMethod codeBase="C:/Users/RAZOR/Desktop/dowloadedUkrReg/UkraineRegions.Tests/bin/Debug/UkraineRegions.Tests.DLL" adapterTypeName="Microsoft.VisualStudio.TestTools.TestTypes.Unit.UnitTestAdapter, Microsoft.VisualStudio.QualityTools.Tips.UnitTest.Adapter, Version=10.0.0.0, Culture=neutral, PublicKeyToken=b03f5f7f11d50a3a" className="UkraineRegions.Tests.HomeControllerTest, UkraineRegions.Tests, Version=1.0.0.0, Culture=neutral, PublicKeyToken=null" name="PathHelperTest" />
    </UnitTest>
    <UnitTest name="RetriveRegionsDataTest" storage="c:\users\razor\desktop\dowloadedukrreg\ukraineregions.tests\bin\debug\ukraineregions.tests.dll" id="a70a722d-8c4b-cedc-d615-f7059f9e9606">
      <Execution id="41088568-5334-4ceb-a12a-b0988572abff" />
      <TestMethod codeBase="C:/Users/RAZOR/Desktop/dowloadedUkrReg/UkraineRegions.Tests/bin/Debug/UkraineRegions.Tests.DLL" adapterTypeName="Microsoft.VisualStudio.TestTools.TestTypes.Unit.UnitTestAdapter, Microsoft.VisualStudio.QualityTools.Tips.UnitTest.Adapter, Version=10.0.0.0, Culture=neutral, PublicKeyToken=b03f5f7f11d50a3a" className="UkraineRegions.Tests.HomeControllerTest, UkraineRegions.Tests, Version=1.0.0.0, Culture=neutral, PublicKeyToken=null" name="RetriveRegionsDataTest" />
    </UnitTest>
  </TestDefinitions>
  <TestLists>
    <TestList name="Results Not in a List" id="8c84fa94-04c1-424b-9868-57a2d4851a1d" />
    <TestList name="All Loaded Results" id="19431567-8539-422a-85d7-44ee4e166bda" />
  </TestLists>
  <TestEntries>
    <TestEntry testId="a70a722d-8c4b-cedc-d615-f7059f9e9606" executionId="41088568-5334-4ceb-a12a-b0988572abff" testListId="8c84fa94-04c1-424b-9868-57a2d4851a1d" />
    <TestEntry testId="e1024174-8257-f691-a675-7e5ba9adea38" executionId="ef617479-a138-4f22-ac78-b66148332c19" testListId="8c84fa94-04c1-424b-9868-57a2d4851a1d" />
  </TestEntries>
  <Results>
    <UnitTestResult executionId="41088568-5334-4ceb-a12a-b0988572abff" testId="a70a722d-8c4b-cedc-d615-f7059f9e9606" testName="RetriveRegionsDataTest" computerName="RAZOR" duration="00:01:16.0163479" startTime="2015-09-07T16:59:32.4742644+03:00" endTime="2015-09-07T17:00:48.4906123+03:00" testType="13cdc9d9-ddb5-4fa4-a97d-d965ccfc6d4b" outcome="Aborted" testListId="8c84fa94-04c1-424b-9868-57a2d4851a1d" relativeResultsDirectory="41088568-5334-4ceb-a12a-b0988572abff">
    </UnitTestResult>
    <UnitTestResult executionId="ef617479-a138-4f22-ac78-b66148332c19" testId="e1024174-8257-f691-a675-7e5ba9adea38" testName="PathHelperTest" computerName="RAZOR" testType="13cdc9d9-ddb5-4fa4-a97d-d965ccfc6d4b" outcome="NotExecuted" testListId="8c84fa94-04c1-424b-9868-57a2d4851a1d" relativeResultsDirectory="ef617479-a138-4f22-ac78-b66148332c19">
    </UnitTestResult>
  </Results>
</TestRun>